  [1m[35m (4.8ms)[0m  [1m[34mSELECT sqlite_version(*)[0m
  [1m[35m (5.6ms)[0m  [1m[35mCREATE TABLE "schema_migrations" ("version" varchar NOT NULL PRIMARY KEY)[0m
  [1m[35m (6.8ms)[0m  [1m[35mCREATE TABLE "ar_internal_metadata" ("key" varchar NOT NULL PRIMARY KEY, "value" varchar, "created_at" datetime(6) NOT NULL, "updated_at" datetime(6) NOT NULL)[0m
  [1m[35m (0.2ms)[0m  [1m[34mSELECT "schema_migrations"."version" FROM "schema_migrations" ORDER BY "schema_migrations"."version" ASC[0m
Migrating to CreateBlogs (20210113110914)
  [1m[35m (0.1ms)[0m  [1m[36mbegin transaction[0m
  [1m[35m (0.4ms)[0m  [1m[35mCREATE TABLE "blogs" ("id" integer PRIMARY KEY AUTOINCREMENT NOT NULL, "title" varchar, "body" text, "created_at" datetime(6) NOT NULL, "updated_at" datetime(6) NOT NULL)[0m
  [1m[36mprimary::SchemaMigration Create (0.3ms)[0m  [1m[32mINSERT INTO "schema_migrations" ("version") VALUES (?)[0m  [["version", "20210113110914"]]
  [1m[35m (5.3ms)[0m  [1m[36mcommit transaction[0m
  [1m[36mActiveRecord::InternalMetadata Load (0.2ms)[0m  [1m[34mSELECT "ar_internal_metadata".* FROM "ar_internal_metadata" WHERE "ar_internal_metadata"."key" = ? LIMIT ?[0m  [["key", "environment"], ["LIMIT", 1]]
  [1m[35m (0.1ms)[0m  [1m[36mbegin transaction[0m
  [1m[36mActiveRecord::InternalMetadata Create (0.3ms)[0m  [1m[32mINSERT INTO "ar_internal_metadata" ("key", "value", "created_at", "updated_at") VALUES (?, ?, ?, ?)[0m  [["key", "environment"], ["value", "development"], ["created_at", "2021-01-13 11:09:34.801115"], ["updated_at", "2021-01-13 11:09:34.801115"]]
  [1m[35m (4.5ms)[0m  [1m[36mcommit transaction[0m
  [1m[35m (0.1ms)[0m  [1m[34mSELECT sqlite_version(*)[0m
  [1m[35m (0.2ms)[0m  [1m[34mSELECT "schema_migrations"."version" FROM "schema_migrations" ORDER BY "schema_migrations"."version" ASC[0m
Started GET "/" for 127.0.0.1 at 2021-01-13 11:09:57 +0000
  [1m[35m (0.7ms)[0m  [1m[34mSELECT sqlite_version(*)[0m
  [1m[35m (0.2ms)[0m  [1m[34mSELECT "schema_migrations"."version" FROM "schema_migrations" ORDER BY "schema_migrations"."version" ASC[0m
Processing by Rails::WelcomeController#index as HTML
  Rendering /usr/local/rbenv/versions/2.7.0/lib/ruby/gems/2.7.0/gems/railties-6.0.3.4/lib/rails/templates/rails/welcome/index.html.erb
  Rendered /usr/local/rbenv/versions/2.7.0/lib/ruby/gems/2.7.0/gems/railties-6.0.3.4/lib/rails/templates/rails/welcome/index.html.erb (Duration: 10.6ms | Allocations: 407)
Completed 200 OK in 29ms (Views: 18.7ms | ActiveRecord: 0.0ms | Allocations: 2355)


Started GET "/" for 127.0.0.1 at 2021-01-13 11:12:02 +0000
  [1m[35m (0.6ms)[0m  [1m[34mSELECT sqlite_version(*)[0m
  [1m[35m (0.2ms)[0m  [1m[34mSELECT "schema_migrations"."version" FROM "schema_migrations" ORDER BY "schema_migrations"."version" ASC[0m
Processing by BlogsController#index as HTML
  Rendering blogs/index.html.erb within layouts/application
  [1m[36mBlog Load (0.3ms)[0m  [1m[34mSELECT "blogs".* FROM "blogs"[0m
  ↳ app/views/blogs/index.html.erb:15
  Rendered blogs/index.html.erb within layouts/application (Duration: 3.5ms | Allocations: 1437)
[Webpacker] Compiling...
[Webpacker] Compiled all packs in /home/ubuntu/learn/public/packs
[Webpacker] Hash: 76145d9ce4575ebaa29b
Version: webpack 4.46.0
Time: 2570ms
Built at: 01/13/2021 11:12:06 AM
                                     Asset       Size       Chunks                         Chunk Names
    js/application-c229f7c7014cf8c8d494.js    124 KiB  application  [emitted] [immutable]  application
js/application-c229f7c7014cf8c8d494.js.map    139 KiB  application  [emitted] [dev]        application
                             manifest.json  364 bytes               [emitted]              
Entrypoint application = js/application-c229f7c7014cf8c8d494.js js/application-c229f7c7014cf8c8d494.js.map
[./app/javascript/channels sync recursive _channel\.js$] ./app/javascript/channels sync _channel\.js$ 160 bytes {application} [built]
[./app/javascript/channels/index.js] 211 bytes {application} [built]
[./app/javascript/packs/application.js] 749 bytes {application} [built]
[./node_modules/webpack/buildin/module.js] (webpack)/buildin/module.js 552 bytes {application} [built]
    + 3 hidden modules

Completed 200 OK in 4890ms (Views: 4880.6ms | ActiveRecord: 0.6ms | Allocations: 22661)


Started GET "/" for 127.0.0.1 at 2021-01-13 11:24:27 +0000
  [1m[35m (0.5ms)[0m  [1m[34mSELECT sqlite_version(*)[0m
  [1m[35m (0.2ms)[0m  [1m[34mSELECT "schema_migrations"."version" FROM "schema_migrations" ORDER BY "schema_migrations"."version" ASC[0m
Processing by BlogsController#index as HTML
  Rendering blogs/index.html.erb within layouts/application
  [1m[36mBlog Load (0.2ms)[0m  [1m[34mSELECT "blogs".* FROM "blogs"[0m
  ↳ app/views/blogs/index.html.erb:15
  Rendered blogs/index.html.erb within layouts/application (Duration: 3.6ms | Allocations: 1437)
[Webpacker] Everything's up-to-date. Nothing to do
Completed 200 OK in 25ms (Views: 16.0ms | ActiveRecord: 0.5ms | Allocations: 8927)


  [1m[35m (0.5ms)[0m  [1m[34mSELECT sqlite_version(*)[0m
  [1m[35m (0.2ms)[0m  [1m[34mSELECT "schema_migrations"."version" FROM "schema_migrations" ORDER BY "schema_migrations"."version" ASC[0m
  [1m[36mActiveRecord::InternalMetadata Load (0.9ms)[0m  [1m[34mSELECT "ar_internal_metadata".* FROM "ar_internal_metadata" WHERE "ar_internal_metadata"."key" = ? LIMIT ?[0m  [["key", "environment"], ["LIMIT", 1]]
  [1m[35m (0.1ms)[0m  [1m[34mSELECT sqlite_version(*)[0m
  [1m[35m (0.1ms)[0m  [1m[34mSELECT "schema_migrations"."version" FROM "schema_migrations" ORDER BY "schema_migrations"."version" ASC[0m
Started GET "/" for 127.0.0.1 at 2021-01-13 11:28:09 +0000
  [1m[35m (0.5ms)[0m  [1m[34mSELECT sqlite_version(*)[0m
  [1m[35m (0.2ms)[0m  [1m[34mSELECT "schema_migrations"."version" FROM "schema_migrations" ORDER BY "schema_migrations"."version" ASC[0m
Processing by BlogsController#index as HTML
  Rendering blogs/index.html.erb within layouts/application
  [1m[36mBlog Load (0.2ms)[0m  [1m[34mSELECT "blogs".* FROM "blogs"[0m
  ↳ app/views/blogs/index.html.erb:15
  Rendered blogs/index.html.erb within layouts/application (Duration: 3.3ms | Allocations: 1437)
[Webpacker] Everything's up-to-date. Nothing to do
Completed 200 OK in 30ms (Views: 21.8ms | ActiveRecord: 0.5ms | Allocations: 8946)


  [1m[35m (3.1ms)[0m  [1m[34mSELECT sqlite_version(*)[0m
  [1m[35m (0.2ms)[0m  [1m[34mSELECT "schema_migrations"."version" FROM "schema_migrations" ORDER BY "schema_migrations"."version" ASC[0m
Migrating to DeviseCreateUsers (20210115094515)
  [1m[35m (0.1ms)[0m  [1m[36mbegin transaction[0m
  [1m[35m (0.7ms)[0m  [1m[35mCREATE TABLE "users" ("id" integer PRIMARY KEY AUTOINCREMENT NOT NULL, "email" varchar DEFAULT '' NOT NULL, "encrypted_password" varchar DEFAULT '' NOT NULL, "reset_password_token" varchar, "reset_password_sent_at" datetime, "remember_created_at" datetime, "sign_in_count" integer DEFAULT 0 NOT NULL, "current_sign_in_at" datetime, "last_sign_in_at" datetime, "current_sign_in_ip" varchar, "last_sign_in_ip" varchar, "name" varchar, "created_at" datetime(6) NOT NULL, "updated_at" datetime(6) NOT NULL)[0m
  [1m[35m (0.1ms)[0m  [1m[35mCREATE UNIQUE INDEX "index_users_on_email" ON "users" ("email")[0m
  [1m[35m (0.1ms)[0m  [1m[35mCREATE UNIQUE INDEX "index_users_on_reset_password_token" ON "users" ("reset_password_token")[0m
  [1m[36mprimary::SchemaMigration Create (0.3ms)[0m  [1m[32mINSERT INTO "schema_migrations" ("version") VALUES (?)[0m  [["version", "20210115094515"]]
  [1m[35m (7.5ms)[0m  [1m[36mcommit transaction[0m
  [1m[36mActiveRecord::InternalMetadata Load (0.2ms)[0m  [1m[34mSELECT "ar_internal_metadata".* FROM "ar_internal_metadata" WHERE "ar_internal_metadata"."key" = ? LIMIT ?[0m  [["key", "environment"], ["LIMIT", 1]]
  [1m[35m (0.1ms)[0m  [1m[34mSELECT sqlite_version(*)[0m
  [1m[35m (0.1ms)[0m  [1m[34mSELECT "schema_migrations"."version" FROM "schema_migrations" ORDER BY "schema_migrations"."version" ASC[0m
Started GET "/" for 126.163.118.70 at 2021-01-15 09:52:25 +0000
Cannot render console from 126.163.118.70! Allowed networks: 127.0.0.0/127.255.255.255, ::1
  [1m[35m (0.6ms)[0m  [1m[34mSELECT sqlite_version(*)[0m
  [1m[35m (0.2ms)[0m  [1m[34mSELECT "schema_migrations"."version" FROM "schema_migrations" ORDER BY "schema_migrations"."version" ASC[0m
Processing by Rails::WelcomeController#index as HTML
  Rendering /usr/local/rbenv/versions/2.7.0/lib/ruby/gems/2.7.0/gems/railties-6.0.3.4/lib/rails/templates/rails/welcome/index.html.erb
  Rendered /usr/local/rbenv/versions/2.7.0/lib/ruby/gems/2.7.0/gems/railties-6.0.3.4/lib/rails/templates/rails/welcome/index.html.erb (Duration: 14.1ms | Allocations: 407)
Completed 200 OK in 40ms (Views: 25.9ms | ActiveRecord: 0.0ms | Allocations: 2343)


Started GET "/users/sign_in" for 126.163.118.70 at 2021-01-15 09:52:52 +0000
Cannot render console from 126.163.118.70! Allowed networks: 127.0.0.0/127.255.255.255, ::1
Processing by Devise::SessionsController#new as HTML
  Rendering /usr/local/rbenv/versions/2.7.0/lib/ruby/gems/2.7.0/gems/devise-4.7.3/app/views/devise/sessions/new.html.erb within layouts/application
  Rendered /usr/local/rbenv/versions/2.7.0/lib/ruby/gems/2.7.0/gems/devise-4.7.3/app/views/devise/shared/_links.html.erb (Duration: 1.4ms | Allocations: 593)
  Rendered /usr/local/rbenv/versions/2.7.0/lib/ruby/gems/2.7.0/gems/devise-4.7.3/app/views/devise/sessions/new.html.erb within layouts/application (Duration: 39.0ms | Allocations: 7625)
Completed 500 Internal Server Error in 742ms (ActiveRecord: 0.8ms | Allocations: 101940)


  
LoadError (cannot load such file -- coffee_script):
  
bootsnap (1.5.1) lib/bootsnap/load_path_cache/core_ext/kernel_require.rb:23:in `require'
bootsnap (1.5.1) lib/bootsnap/load_path_cache/core_ext/kernel_require.rb:23:in `block in require_with_bootsnap_lfi'
bootsnap (1.5.1) lib/bootsnap/load_path_cache/loaded_features_index.rb:89:in `register'
bootsnap (1.5.1) lib/bootsnap/load_path_cache/core_ext/kernel_require.rb:22:in `require_with_bootsnap_lfi'
bootsnap (1.5.1) lib/bootsnap/load_path_cache/core_ext/kernel_require.rb:44:in `require'
zeitwerk (2.4.2) lib/zeitwerk/kernel.rb:34:in `require'
sprockets (4.0.2) lib/sprockets/autoload/coffee_script.rb:2:in `<main>'
bootsnap (1.5.1) lib/bootsnap/load_path_cache/core_ext/kernel_require.rb:23:in `require'
bootsnap (1.5.1) lib/bootsnap/load_path_cache/core_ext/kernel_require.rb:23:in `block in require_with_bootsnap_lfi'
bootsnap (1.5.1) lib/bootsnap/load_path_cache/loaded_features_index.rb:92:in `register'
bootsnap (1.5.1) lib/bootsnap/load_path_cache/core_ext/kernel_require.rb:22:in `require_with_bootsnap_lfi'
bootsnap (1.5.1) lib/bootsnap/load_path_cache/core_ext/kernel_require.rb:31:in `require'
zeitwerk (2.4.2) lib/zeitwerk/kernel.rb:34:in `require'
sprockets (4.0.2) lib/sprockets/coffee_script_processor.rb:17:in `cache_key'
sprockets (4.0.2) lib/sprockets/coffee_script_processor.rb:23:in `call'
sprockets (4.0.2) lib/sprockets/processor_utils.rb:84:in `call_processor'
sprockets (4.0.2) lib/sprockets/processor_utils.rb:66:in `block in call_processors'
sprockets (4.0.2) lib/sprockets/processor_utils.rb:65:in `reverse_each'
sprockets (4.0.2) lib/sprockets/processor_utils.rb:65:in `call_processors'
sprockets (4.0.2) lib/sprockets/processor_utils.rb:22:in `block in <class:CompositeProcessor>'
sprockets (4.0.2) lib/sprockets/processor_utils.rb:33:in `call'
sprockets (4.0.2) lib/sprockets/processor_utils.rb:84:in `call_processor'
sprockets (4.0.2) lib/sprockets/processor_utils.rb:66:in `block in call_processors'
sprockets (4.0.2) lib/sprockets/processor_utils.rb:65:in `reverse_each'
sprockets (4.0.2) lib/sprockets/processor_utils.rb:65:in `call_processors'
sprockets (4.0.2) lib/sprockets/loader.rb:182:in `load_from_unloaded'
sprockets (4.0.2) lib/sprockets/loader.rb:59:in `block in load'
sprockets (4.0.2) lib/sprockets/loader.rb:337:in `fetch_asset_from_dependency_cache'
sprockets (4.0.2) lib/sprockets/loader.rb:43:in `load'
sprockets (4.0.2) lib/sprockets/cached_environment.rb:44:in `load'
sprockets (4.0.2) lib/sprockets/bundle.rb:41:in `block in call'
sprockets (4.0.2) lib/sprockets/utils.rb:167:in `dfs'
sprockets (4.0.2) lib/sprockets/bundle.rb:42:in `call'
sprockets (4.0.2) lib/sprockets/processor_utils.rb:84:in `call_processor'
sprockets (4.0.2) lib/sprockets/processor_utils.rb:66:in `block in call_processors'
sprockets (4.0.2) lib/sprockets/processor_utils.rb:65:in `reverse_each'
sprockets (4.0.2) lib/sprockets/processor_utils.rb:65:in `call_processors'
sprockets (4.0.2) lib/sprockets/loader.rb:182:in `load_from_unloaded'
sprockets (4.0.2) lib/sprockets/loader.rb:59:in `block in load'
sprockets (4.0.2) lib/sprockets/loader.rb:337:in `fetch_asset_from_dependency_cache'
sprockets (4.0.2) lib/sprockets/loader.rb:43:in `load'
sprockets (4.0.2) lib/sprockets/cached_environment.rb:44:in `load'
sprockets (4.0.2) lib/sprockets/bundle.rb:32:in `block in call'
/usr/local/rbenv/versions/2.7.0/lib/ruby/2.7.0/set.rb:328:in `each_key'
/usr/local/rbenv/versions/2.7.0/lib/ruby/2.7.0/set.rb:328:in `each'
sprockets (4.0.2) lib/sprockets/bundle.rb:31:in `call'
sprockets (4.0.2) lib/sprockets/processor_utils.rb:84:in `call_processor'
sprockets (4.0.2) lib/sprockets/processor_utils.rb:66:in `block in call_processors'
sprockets (4.0.2) lib/sprockets/processor_utils.rb:65:in `reverse_each'
sprockets (4.0.2) lib/sprockets/processor_utils.rb:65:in `call_processors'
sprockets (4.0.2) lib/sprockets/loader.rb:182:in `load_from_unloaded'
sprockets (4.0.2) lib/sprockets/loader.rb:59:in `block in load'
sprockets (4.0.2) lib/sprockets/loader.rb:337:in `fetch_asset_from_dependency_cache'
sprockets (4.0.2) lib/sprockets/loader.rb:43:in `load'
sprockets (4.0.2) lib/sprockets/cached_environment.rb:44:in `load'
sprockets (4.0.2) lib/sprockets/base.rb:81:in `find_asset'
sprockets (4.0.2) lib/sprockets/base.rb:88:in `find_all_linked_assets'
sprockets (4.0.2) lib/sprockets/manifest.rb:125:in `block (2 levels) in find'
concurrent-ruby (1.1.7) lib/concurrent-ruby/concurrent/executor/safe_task_executor.rb:24:in `block in execute'
concurrent-ruby (1.1.7) lib/concurrent-ruby/concurrent/synchronization/mutex_lockable_object.rb:41:in `block in synchronize'
concurrent-ruby (1.1.7) lib/concurrent-ruby/concurrent/synchronization/mutex_lockable_object.rb:41:in `synchronize'
concurrent-ruby (1.1.7) lib/concurrent-ruby/concurrent/synchronization/mutex_lockable_object.rb:41:in `synchronize'
concurrent-ruby (1.1.7) lib/concurrent-ruby/concurrent/executor/safe_task_executor.rb:19:in `execute'
concurrent-ruby (1.1.7) lib/concurrent-ruby/concurrent/promise.rb:563:in `block in realize'
concurrent-ruby (1.1.7) lib/concurrent-ruby/concurrent/executor/ruby_thread_pool_executor.rb:363:in `run_task'
concurrent-ruby (1.1.7) lib/concurrent-ruby/concurrent/executor/ruby_thread_pool_executor.rb:352:in `block (3 levels) in create_worker'
concurrent-ruby (1.1.7) lib/concurrent-ruby/concurrent/executor/ruby_thread_pool_executor.rb:335:in `loop'
concurrent-ruby (1.1.7) lib/concurrent-ruby/concurrent/executor/ruby_thread_pool_executor.rb:335:in `block (2 levels) in create_worker'
concurrent-ruby (1.1.7) lib/concurrent-ruby/concurrent/executor/ruby_thread_pool_executor.rb:334:in `catch'
concurrent-ruby (1.1.7) lib/concurrent-ruby/concurrent/executor/ruby_thread_pool_executor.rb:334:in `block in create_worker'
Started GET "/" for 126.163.118.70 at 2021-01-15 09:58:22 +0000
Cannot render console from 126.163.118.70! Allowed networks: 127.0.0.0/127.255.255.255, ::1
  [1m[35m (7.5ms)[0m  [1m[34mSELECT sqlite_version(*)[0m
  [1m[35m (5.9ms)[0m  [1m[34mSELECT "schema_migrations"."version" FROM "schema_migrations" ORDER BY "schema_migrations"."version" ASC[0m
Processing by Rails::WelcomeController#index as HTML
  Rendering /usr/local/rbenv/versions/2.7.0/lib/ruby/gems/2.7.0/gems/railties-6.0.3.4/lib/rails/templates/rails/welcome/index.html.erb
  Rendered /usr/local/rbenv/versions/2.7.0/lib/ruby/gems/2.7.0/gems/railties-6.0.3.4/lib/rails/templates/rails/welcome/index.html.erb (Duration: 9.4ms | Allocations: 407)
Completed 200 OK in 27ms (Views: 14.2ms | ActiveRecord: 0.0ms | Allocations: 2343)


Started GET "/users/sign" for 126.163.118.70 at 2021-01-15 09:58:39 +0000
Cannot render console from 126.163.118.70! Allowed networks: 127.0.0.0/127.255.255.255, ::1
  
ActionController::RoutingError (No route matches [GET] "/users/sign"):
  
actionpack (6.0.3.4) lib/action_dispatch/middleware/debug_exceptions.rb:36:in `call'
web-console (4.1.0) lib/web_console/middleware.rb:132:in `call_app'
web-console (4.1.0) lib/web_console/middleware.rb:19:in `block in call'
web-console (4.1.0) lib/web_console/middleware.rb:17:in `catch'
web-console (4.1.0) lib/web_console/middleware.rb:17:in `call'
actionpack (6.0.3.4) lib/action_dispatch/middleware/show_exceptions.rb:33:in `call'
railties (6.0.3.4) lib/rails/rack/logger.rb:37:in `call_app'
railties (6.0.3.4) lib/rails/rack/logger.rb:26:in `block in call'
activesupport (6.0.3.4) lib/active_support/tagged_logging.rb:80:in `block in tagged'
activesupport (6.0.3.4) lib/active_support/tagged_logging.rb:28:in `tagged'
activesupport (6.0.3.4) lib/active_support/tagged_logging.rb:80:in `tagged'
railties (6.0.3.4) lib/rails/rack/logger.rb:26:in `call'
sprockets-rails (3.2.2) lib/sprockets/rails/quiet_assets.rb:13:in `call'
actionpack (6.0.3.4) lib/action_dispatch/middleware/remote_ip.rb:81:in `call'
actionpack (6.0.3.4) lib/action_dispatch/middleware/request_id.rb:27:in `call'
rack (2.2.3) lib/rack/method_override.rb:24:in `call'
rack (2.2.3) lib/rack/runtime.rb:22:in `call'
activesupport (6.0.3.4) lib/active_support/cache/strategy/local_cache_middleware.rb:29:in `call'
actionpack (6.0.3.4) lib/action_dispatch/middleware/executor.rb:14:in `call'
actionpack (6.0.3.4) lib/action_dispatch/middleware/static.rb:126:in `call'
rack (2.2.3) lib/rack/sendfile.rb:110:in `call'
actionpack (6.0.3.4) lib/action_dispatch/middleware/host_authorization.rb:76:in `call'
webpacker (4.3.0) lib/webpacker/dev_server_proxy.rb:23:in `perform_request'
rack-proxy (0.6.5) lib/rack/proxy.rb:57:in `call'
railties (6.0.3.4) lib/rails/engine.rb:527:in `call'
puma (4.3.7) lib/puma/configuration.rb:228:in `call'
puma (4.3.7) lib/puma/server.rb:713:in `handle_request'
puma (4.3.7) lib/puma/server.rb:472:in `process_client'
puma (4.3.7) lib/puma/server.rb:328:in `block in run'
puma (4.3.7) lib/puma/thread_pool.rb:134:in `block in spawn_thread'
Started GET "/users/sign_in" for 126.163.118.70 at 2021-01-15 09:58:47 +0000
Cannot render console from 126.163.118.70! Allowed networks: 127.0.0.0/127.255.255.255, ::1
Processing by Devise::SessionsController#new as HTML
  Rendering /usr/local/rbenv/versions/2.7.0/lib/ruby/gems/2.7.0/gems/devise-4.7.3/app/views/devise/sessions/new.html.erb within layouts/application
  Rendered /usr/local/rbenv/versions/2.7.0/lib/ruby/gems/2.7.0/gems/devise-4.7.3/app/views/devise/shared/_links.html.erb (Duration: 6.1ms | Allocations: 590)
  Rendered /usr/local/rbenv/versions/2.7.0/lib/ruby/gems/2.7.0/gems/devise-4.7.3/app/views/devise/sessions/new.html.erb within layouts/application (Duration: 35.5ms | Allocations: 7419)
Completed 500 Internal Server Error in 637ms (ActiveRecord: 0.9ms | Allocations: 100349)


  
LoadError (cannot load such file -- coffee_script):
  
bootsnap (1.5.1) lib/bootsnap/load_path_cache/core_ext/kernel_require.rb:23:in `require'
bootsnap (1.5.1) lib/bootsnap/load_path_cache/core_ext/kernel_require.rb:23:in `block in require_with_bootsnap_lfi'
bootsnap (1.5.1) lib/bootsnap/load_path_cache/loaded_features_index.rb:89:in `register'
bootsnap (1.5.1) lib/bootsnap/load_path_cache/core_ext/kernel_require.rb:22:in `require_with_bootsnap_lfi'
bootsnap (1.5.1) lib/bootsnap/load_path_cache/core_ext/kernel_require.rb:44:in `require'
zeitwerk (2.4.2) lib/zeitwerk/kernel.rb:34:in `require'
sprockets (4.0.2) lib/sprockets/autoload/coffee_script.rb:2:in `<main>'
bootsnap (1.5.1) lib/bootsnap/load_path_cache/core_ext/kernel_require.rb:23:in `require'
bootsnap (1.5.1) lib/bootsnap/load_path_cache/core_ext/kernel_require.rb:23:in `block in require_with_bootsnap_lfi'
bootsnap (1.5.1) lib/bootsnap/load_path_cache/loaded_features_index.rb:92:in `register'
bootsnap (1.5.1) lib/bootsnap/load_path_cache/core_ext/kernel_require.rb:22:in `require_with_bootsnap_lfi'
bootsnap (1.5.1) lib/bootsnap/load_path_cache/core_ext/kernel_require.rb:31:in `require'
zeitwerk (2.4.2) lib/zeitwerk/kernel.rb:34:in `require'
sprockets (4.0.2) lib/sprockets/coffee_script_processor.rb:17:in `cache_key'
sprockets (4.0.2) lib/sprockets/coffee_script_processor.rb:23:in `call'
sprockets (4.0.2) lib/sprockets/processor_utils.rb:84:in `call_processor'
sprockets (4.0.2) lib/sprockets/processor_utils.rb:66:in `block in call_processors'
sprockets (4.0.2) lib/sprockets/processor_utils.rb:65:in `reverse_each'
sprockets (4.0.2) lib/sprockets/processor_utils.rb:65:in `call_processors'
sprockets (4.0.2) lib/sprockets/processor_utils.rb:22:in `block in <class:CompositeProcessor>'
sprockets (4.0.2) lib/sprockets/processor_utils.rb:33:in `call'
sprockets (4.0.2) lib/sprockets/processor_utils.rb:84:in `call_processor'
sprockets (4.0.2) lib/sprockets/processor_utils.rb:66:in `block in call_processors'
sprockets (4.0.2) lib/sprockets/processor_utils.rb:65:in `reverse_each'
sprockets (4.0.2) lib/sprockets/processor_utils.rb:65:in `call_processors'
sprockets (4.0.2) lib/sprockets/loader.rb:182:in `load_from_unloaded'
sprockets (4.0.2) lib/sprockets/loader.rb:59:in `block in load'
sprockets (4.0.2) lib/sprockets/loader.rb:337:in `fetch_asset_from_dependency_cache'
sprockets (4.0.2) lib/sprockets/loader.rb:43:in `load'
sprockets (4.0.2) lib/sprockets/cached_environment.rb:44:in `load'
sprockets (4.0.2) lib/sprockets/bundle.rb:41:in `block in call'
sprockets (4.0.2) lib/sprockets/utils.rb:167:in `dfs'
sprockets (4.0.2) lib/sprockets/bundle.rb:42:in `call'
sprockets (4.0.2) lib/sprockets/processor_utils.rb:84:in `call_processor'
sprockets (4.0.2) lib/sprockets/processor_utils.rb:66:in `block in call_processors'
sprockets (4.0.2) lib/sprockets/processor_utils.rb:65:in `reverse_each'
sprockets (4.0.2) lib/sprockets/processor_utils.rb:65:in `call_processors'
sprockets (4.0.2) lib/sprockets/loader.rb:182:in `load_from_unloaded'
sprockets (4.0.2) lib/sprockets/loader.rb:59:in `block in load'
sprockets (4.0.2) lib/sprockets/loader.rb:337:in `fetch_asset_from_dependency_cache'
sprockets (4.0.2) lib/sprockets/loader.rb:43:in `load'
sprockets (4.0.2) lib/sprockets/cached_environment.rb:44:in `load'
sprockets (4.0.2) lib/sprockets/bundle.rb:32:in `block in call'
/usr/local/rbenv/versions/2.7.0/lib/ruby/2.7.0/set.rb:328:in `each_key'
/usr/local/rbenv/versions/2.7.0/lib/ruby/2.7.0/set.rb:328:in `each'
sprockets (4.0.2) lib/sprockets/bundle.rb:31:in `call'
sprockets (4.0.2) lib/sprockets/processor_utils.rb:84:in `call_processor'
sprockets (4.0.2) lib/sprockets/processor_utils.rb:66:in `block in call_processors'
sprockets (4.0.2) lib/sprockets/processor_utils.rb:65:in `reverse_each'
sprockets (4.0.2) lib/sprockets/processor_utils.rb:65:in `call_processors'
sprockets (4.0.2) lib/sprockets/loader.rb:182:in `load_from_unloaded'
sprockets (4.0.2) lib/sprockets/loader.rb:59:in `block in load'
sprockets (4.0.2) lib/sprockets/loader.rb:337:in `fetch_asset_from_dependency_cache'
sprockets (4.0.2) lib/sprockets/loader.rb:43:in `load'
sprockets (4.0.2) lib/sprockets/cached_environment.rb:44:in `load'
sprockets (4.0.2) lib/sprockets/base.rb:81:in `find_asset'
sprockets (4.0.2) lib/sprockets/base.rb:88:in `find_all_linked_assets'
sprockets (4.0.2) lib/sprockets/manifest.rb:125:in `block (2 levels) in find'
concurrent-ruby (1.1.7) lib/concurrent-ruby/concurrent/executor/safe_task_executor.rb:24:in `block in execute'
concurrent-ruby (1.1.7) lib/concurrent-ruby/concurrent/synchronization/mutex_lockable_object.rb:41:in `block in synchronize'
concurrent-ruby (1.1.7) lib/concurrent-ruby/concurrent/synchronization/mutex_lockable_object.rb:41:in `synchronize'
concurrent-ruby (1.1.7) lib/concurrent-ruby/concurrent/synchronization/mutex_lockable_object.rb:41:in `synchronize'
concurrent-ruby (1.1.7) lib/concurrent-ruby/concurrent/executor/safe_task_executor.rb:19:in `execute'
concurrent-ruby (1.1.7) lib/concurrent-ruby/concurrent/promise.rb:563:in `block in realize'
concurrent-ruby (1.1.7) lib/concurrent-ruby/concurrent/executor/ruby_thread_pool_executor.rb:363:in `run_task'
concurrent-ruby (1.1.7) lib/concurrent-ruby/concurrent/executor/ruby_thread_pool_executor.rb:352:in `block (3 levels) in create_worker'
concurrent-ruby (1.1.7) lib/concurrent-ruby/concurrent/executor/ruby_thread_pool_executor.rb:335:in `loop'
concurrent-ruby (1.1.7) lib/concurrent-ruby/concurrent/executor/ruby_thread_pool_executor.rb:335:in `block (2 levels) in create_worker'
concurrent-ruby (1.1.7) lib/concurrent-ruby/concurrent/executor/ruby_thread_pool_executor.rb:334:in `catch'
concurrent-ruby (1.1.7) lib/concurrent-ruby/concurrent/executor/ruby_thread_pool_executor.rb:334:in `block in create_worker'
Started GET "/" for 126.163.118.70 at 2021-01-15 10:00:30 +0000
Cannot render console from 126.163.118.70! Allowed networks: 127.0.0.0/127.255.255.255, ::1
  [1m[35m (1.7ms)[0m  [1m[34mSELECT sqlite_version(*)[0m
  [1m[35m (0.1ms)[0m  [1m[34mSELECT "schema_migrations"."version" FROM "schema_migrations" ORDER BY "schema_migrations"."version" ASC[0m
Processing by Rails::WelcomeController#index as HTML
  Rendering /usr/local/rbenv/versions/2.7.0/lib/ruby/gems/2.7.0/gems/railties-6.0.3.4/lib/rails/templates/rails/welcome/index.html.erb
  Rendered /usr/local/rbenv/versions/2.7.0/lib/ruby/gems/2.7.0/gems/railties-6.0.3.4/lib/rails/templates/rails/welcome/index.html.erb (Duration: 11.0ms | Allocations: 407)
Completed 200 OK in 38ms (Views: 24.0ms | ActiveRecord: 0.0ms | Allocations: 2347)


Started GET "/users/sign_in" for 126.163.118.70 at 2021-01-15 10:00:41 +0000
Cannot render console from 126.163.118.70! Allowed networks: 127.0.0.0/127.255.255.255, ::1
Processing by Devise::SessionsController#new as HTML
  Rendering /usr/local/rbenv/versions/2.7.0/lib/ruby/gems/2.7.0/gems/devise-4.7.3/app/views/devise/sessions/new.html.erb within layouts/application
  Rendered /usr/local/rbenv/versions/2.7.0/lib/ruby/gems/2.7.0/gems/devise-4.7.3/app/views/devise/shared/_links.html.erb (Duration: 1.5ms | Allocations: 593)
  Rendered /usr/local/rbenv/versions/2.7.0/lib/ruby/gems/2.7.0/gems/devise-4.7.3/app/views/devise/sessions/new.html.erb within layouts/application (Duration: 43.5ms | Allocations: 7624)
Completed 500 Internal Server Error in 607ms (ActiveRecord: 0.8ms | Allocations: 101179)


  
LoadError (cannot load such file -- coffee_script):
  
bootsnap (1.5.1) lib/bootsnap/load_path_cache/core_ext/kernel_require.rb:23:in `require'
bootsnap (1.5.1) lib/bootsnap/load_path_cache/core_ext/kernel_require.rb:23:in `block in require_with_bootsnap_lfi'
bootsnap (1.5.1) lib/bootsnap/load_path_cache/loaded_features_index.rb:89:in `register'
bootsnap (1.5.1) lib/bootsnap/load_path_cache/core_ext/kernel_require.rb:22:in `require_with_bootsnap_lfi'
bootsnap (1.5.1) lib/bootsnap/load_path_cache/core_ext/kernel_require.rb:44:in `require'
zeitwerk (2.4.2) lib/zeitwerk/kernel.rb:34:in `require'
sprockets (4.0.2) lib/sprockets/autoload/coffee_script.rb:2:in `<main>'
bootsnap (1.5.1) lib/bootsnap/load_path_cache/core_ext/kernel_require.rb:23:in `require'
bootsnap (1.5.1) lib/bootsnap/load_path_cache/core_ext/kernel_require.rb:23:in `block in require_with_bootsnap_lfi'
bootsnap (1.5.1) lib/bootsnap/load_path_cache/loaded_features_index.rb:92:in `register'
bootsnap (1.5.1) lib/bootsnap/load_path_cache/core_ext/kernel_require.rb:22:in `require_with_bootsnap_lfi'
bootsnap (1.5.1) lib/bootsnap/load_path_cache/core_ext/kernel_require.rb:31:in `require'
zeitwerk (2.4.2) lib/zeitwerk/kernel.rb:34:in `require'
sprockets (4.0.2) lib/sprockets/coffee_script_processor.rb:17:in `cache_key'
sprockets (4.0.2) lib/sprockets/coffee_script_processor.rb:23:in `call'
sprockets (4.0.2) lib/sprockets/processor_utils.rb:84:in `call_processor'
sprockets (4.0.2) lib/sprockets/processor_utils.rb:66:in `block in call_processors'
sprockets (4.0.2) lib/sprockets/processor_utils.rb:65:in `reverse_each'
sprockets (4.0.2) lib/sprockets/processor_utils.rb:65:in `call_processors'
sprockets (4.0.2) lib/sprockets/processor_utils.rb:22:in `block in <class:CompositeProcessor>'
sprockets (4.0.2) lib/sprockets/processor_utils.rb:33:in `call'
sprockets (4.0.2) lib/sprockets/processor_utils.rb:84:in `call_processor'
sprockets (4.0.2) lib/sprockets/processor_utils.rb:66:in `block in call_processors'
sprockets (4.0.2) lib/sprockets/processor_utils.rb:65:in `reverse_each'
sprockets (4.0.2) lib/sprockets/processor_utils.rb:65:in `call_processors'
sprockets (4.0.2) lib/sprockets/loader.rb:182:in `load_from_unloaded'
sprockets (4.0.2) lib/sprockets/loader.rb:59:in `block in load'
sprockets (4.0.2) lib/sprockets/loader.rb:337:in `fetch_asset_from_dependency_cache'
sprockets (4.0.2) lib/sprockets/loader.rb:43:in `load'
sprockets (4.0.2) lib/sprockets/cached_environment.rb:44:in `load'
sprockets (4.0.2) lib/sprockets/bundle.rb:41:in `block in call'
sprockets (4.0.2) lib/sprockets/utils.rb:167:in `dfs'
sprockets (4.0.2) lib/sprockets/bundle.rb:42:in `call'
sprockets (4.0.2) lib/sprockets/processor_utils.rb:84:in `call_processor'
sprockets (4.0.2) lib/sprockets/processor_utils.rb:66:in `block in call_processors'
sprockets (4.0.2) lib/sprockets/processor_utils.rb:65:in `reverse_each'
sprockets (4.0.2) lib/sprockets/processor_utils.rb:65:in `call_processors'
sprockets (4.0.2) lib/sprockets/loader.rb:182:in `load_from_unloaded'
sprockets (4.0.2) lib/sprockets/loader.rb:59:in `block in load'
sprockets (4.0.2) lib/sprockets/loader.rb:337:in `fetch_asset_from_dependency_cache'
sprockets (4.0.2) lib/sprockets/loader.rb:43:in `load'
sprockets (4.0.2) lib/sprockets/cached_environment.rb:44:in `load'
sprockets (4.0.2) lib/sprockets/bundle.rb:32:in `block in call'
/usr/local/rbenv/versions/2.7.0/lib/ruby/2.7.0/set.rb:328:in `each_key'
/usr/local/rbenv/versions/2.7.0/lib/ruby/2.7.0/set.rb:328:in `each'
sprockets (4.0.2) lib/sprockets/bundle.rb:31:in `call'
sprockets (4.0.2) lib/sprockets/processor_utils.rb:84:in `call_processor'
sprockets (4.0.2) lib/sprockets/processor_utils.rb:66:in `block in call_processors'
sprockets (4.0.2) lib/sprockets/processor_utils.rb:65:in `reverse_each'
sprockets (4.0.2) lib/sprockets/processor_utils.rb:65:in `call_processors'
sprockets (4.0.2) lib/sprockets/loader.rb:182:in `load_from_unloaded'
sprockets (4.0.2) lib/sprockets/loader.rb:59:in `block in load'
sprockets (4.0.2) lib/sprockets/loader.rb:337:in `fetch_asset_from_dependency_cache'
sprockets (4.0.2) lib/sprockets/loader.rb:43:in `load'
sprockets (4.0.2) lib/sprockets/cached_environment.rb:44:in `load'
sprockets (4.0.2) lib/sprockets/base.rb:81:in `find_asset'
sprockets (4.0.2) lib/sprockets/base.rb:88:in `find_all_linked_assets'
sprockets (4.0.2) lib/sprockets/manifest.rb:125:in `block (2 levels) in find'
concurrent-ruby (1.1.7) lib/concurrent-ruby/concurrent/executor/safe_task_executor.rb:24:in `block in execute'
concurrent-ruby (1.1.7) lib/concurrent-ruby/concurrent/synchronization/mutex_lockable_object.rb:41:in `block in synchronize'
concurrent-ruby (1.1.7) lib/concurrent-ruby/concurrent/synchronization/mutex_lockable_object.rb:41:in `synchronize'
concurrent-ruby (1.1.7) lib/concurrent-ruby/concurrent/synchronization/mutex_lockable_object.rb:41:in `synchronize'
concurrent-ruby (1.1.7) lib/concurrent-ruby/concurrent/executor/safe_task_executor.rb:19:in `execute'
concurrent-ruby (1.1.7) lib/concurrent-ruby/concurrent/promise.rb:563:in `block in realize'
concurrent-ruby (1.1.7) lib/concurrent-ruby/concurrent/executor/ruby_thread_pool_executor.rb:363:in `run_task'
concurrent-ruby (1.1.7) lib/concurrent-ruby/concurrent/executor/ruby_thread_pool_executor.rb:352:in `block (3 levels) in create_worker'
concurrent-ruby (1.1.7) lib/concurrent-ruby/concurrent/executor/ruby_thread_pool_executor.rb:335:in `loop'
concurrent-ruby (1.1.7) lib/concurrent-ruby/concurrent/executor/ruby_thread_pool_executor.rb:335:in `block (2 levels) in create_worker'
concurrent-ruby (1.1.7) lib/concurrent-ruby/concurrent/executor/ruby_thread_pool_executor.rb:334:in `catch'
concurrent-ruby (1.1.7) lib/concurrent-ruby/concurrent/executor/ruby_thread_pool_executor.rb:334:in `block in create_worker'
Started GET "/" for 126.163.118.70 at 2021-01-15 10:02:28 +0000
Cannot render console from 126.163.118.70! Allowed networks: 127.0.0.0/127.255.255.255, ::1
  [1m[35m (5.6ms)[0m  [1m[34mSELECT sqlite_version(*)[0m
  [1m[35m (0.2ms)[0m  [1m[34mSELECT "schema_migrations"."version" FROM "schema_migrations" ORDER BY "schema_migrations"."version" ASC[0m
Processing by Rails::WelcomeController#index as HTML
  Rendering /usr/local/rbenv/versions/2.7.0/lib/ruby/gems/2.7.0/gems/railties-6.0.3.4/lib/rails/templates/rails/welcome/index.html.erb
  Rendered /usr/local/rbenv/versions/2.7.0/lib/ruby/gems/2.7.0/gems/railties-6.0.3.4/lib/rails/templates/rails/welcome/index.html.erb (Duration: 7.9ms | Allocations: 407)
Completed 200 OK in 35ms (Views: 22.7ms | ActiveRecord: 0.0ms | Allocations: 2343)


Started GET "/users/sign_in" for 126.163.118.70 at 2021-01-15 10:02:40 +0000
Cannot render console from 126.163.118.70! Allowed networks: 127.0.0.0/127.255.255.255, ::1
Processing by Devise::SessionsController#new as HTML
  Rendering /usr/local/rbenv/versions/2.7.0/lib/ruby/gems/2.7.0/gems/devise-4.7.3/app/views/devise/sessions/new.html.erb within layouts/application
  Rendered /usr/local/rbenv/versions/2.7.0/lib/ruby/gems/2.7.0/gems/devise-4.7.3/app/views/devise/shared/_links.html.erb (Duration: 1.1ms | Allocations: 593)
  Rendered /usr/local/rbenv/versions/2.7.0/lib/ruby/gems/2.7.0/gems/devise-4.7.3/app/views/devise/sessions/new.html.erb within layouts/application (Duration: 25.4ms | Allocations: 7624)
Completed 500 Internal Server Error in 518ms (ActiveRecord: 0.9ms | Allocations: 101178)


  
LoadError (cannot load such file -- coffee_script):
  
bootsnap (1.5.1) lib/bootsnap/load_path_cache/core_ext/kernel_require.rb:23:in `require'
bootsnap (1.5.1) lib/bootsnap/load_path_cache/core_ext/kernel_require.rb:23:in `block in require_with_bootsnap_lfi'
bootsnap (1.5.1) lib/bootsnap/load_path_cache/loaded_features_index.rb:89:in `register'
bootsnap (1.5.1) lib/bootsnap/load_path_cache/core_ext/kernel_require.rb:22:in `require_with_bootsnap_lfi'
bootsnap (1.5.1) lib/bootsnap/load_path_cache/core_ext/kernel_require.rb:44:in `require'
zeitwerk (2.4.2) lib/zeitwerk/kernel.rb:34:in `require'
sprockets (4.0.2) lib/sprockets/autoload/coffee_script.rb:2:in `<main>'
bootsnap (1.5.1) lib/bootsnap/load_path_cache/core_ext/kernel_require.rb:23:in `require'
bootsnap (1.5.1) lib/bootsnap/load_path_cache/core_ext/kernel_require.rb:23:in `block in require_with_bootsnap_lfi'
bootsnap (1.5.1) lib/bootsnap/load_path_cache/loaded_features_index.rb:92:in `register'
bootsnap (1.5.1) lib/bootsnap/load_path_cache/core_ext/kernel_require.rb:22:in `require_with_bootsnap_lfi'
bootsnap (1.5.1) lib/bootsnap/load_path_cache/core_ext/kernel_require.rb:31:in `require'
zeitwerk (2.4.2) lib/zeitwerk/kernel.rb:34:in `require'
sprockets (4.0.2) lib/sprockets/coffee_script_processor.rb:17:in `cache_key'
sprockets (4.0.2) lib/sprockets/coffee_script_processor.rb:23:in `call'
sprockets (4.0.2) lib/sprockets/processor_utils.rb:84:in `call_processor'
sprockets (4.0.2) lib/sprockets/processor_utils.rb:66:in `block in call_processors'
sprockets (4.0.2) lib/sprockets/processor_utils.rb:65:in `reverse_each'
sprockets (4.0.2) lib/sprockets/processor_utils.rb:65:in `call_processors'
sprockets (4.0.2) lib/sprockets/processor_utils.rb:22:in `block in <class:CompositeProcessor>'
sprockets (4.0.2) lib/sprockets/processor_utils.rb:33:in `call'
sprockets (4.0.2) lib/sprockets/processor_utils.rb:84:in `call_processor'
sprockets (4.0.2) lib/sprockets/processor_utils.rb:66:in `block in call_processors'
sprockets (4.0.2) lib/sprockets/processor_utils.rb:65:in `reverse_each'
sprockets (4.0.2) lib/sprockets/processor_utils.rb:65:in `call_processors'
sprockets (4.0.2) lib/sprockets/loader.rb:182:in `load_from_unloaded'
sprockets (4.0.2) lib/sprockets/loader.rb:59:in `block in load'
sprockets (4.0.2) lib/sprockets/loader.rb:337:in `fetch_asset_from_dependency_cache'
sprockets (4.0.2) lib/sprockets/loader.rb:43:in `load'
sprockets (4.0.2) lib/sprockets/cached_environment.rb:44:in `load'
sprockets (4.0.2) lib/sprockets/bundle.rb:41:in `block in call'
sprockets (4.0.2) lib/sprockets/utils.rb:167:in `dfs'
sprockets (4.0.2) lib/sprockets/bundle.rb:42:in `call'
sprockets (4.0.2) lib/sprockets/processor_utils.rb:84:in `call_processor'
sprockets (4.0.2) lib/sprockets/processor_utils.rb:66:in `block in call_processors'
sprockets (4.0.2) lib/sprockets/processor_utils.rb:65:in `reverse_each'
sprockets (4.0.2) lib/sprockets/processor_utils.rb:65:in `call_processors'
sprockets (4.0.2) lib/sprockets/loader.rb:182:in `load_from_unloaded'
sprockets (4.0.2) lib/sprockets/loader.rb:59:in `block in load'
sprockets (4.0.2) lib/sprockets/loader.rb:337:in `fetch_asset_from_dependency_cache'
sprockets (4.0.2) lib/sprockets/loader.rb:43:in `load'
sprockets (4.0.2) lib/sprockets/cached_environment.rb:44:in `load'
sprockets (4.0.2) lib/sprockets/bundle.rb:32:in `block in call'
/usr/local/rbenv/versions/2.7.0/lib/ruby/2.7.0/set.rb:328:in `each_key'
/usr/local/rbenv/versions/2.7.0/lib/ruby/2.7.0/set.rb:328:in `each'
sprockets (4.0.2) lib/sprockets/bundle.rb:31:in `call'
sprockets (4.0.2) lib/sprockets/processor_utils.rb:84:in `call_processor'
sprockets (4.0.2) lib/sprockets/processor_utils.rb:66:in `block in call_processors'
sprockets (4.0.2) lib/sprockets/processor_utils.rb:65:in `reverse_each'
sprockets (4.0.2) lib/sprockets/processor_utils.rb:65:in `call_processors'
sprockets (4.0.2) lib/sprockets/loader.rb:182:in `load_from_unloaded'
sprockets (4.0.2) lib/sprockets/loader.rb:59:in `block in load'
sprockets (4.0.2) lib/sprockets/loader.rb:337:in `fetch_asset_from_dependency_cache'
sprockets (4.0.2) lib/sprockets/loader.rb:43:in `load'
sprockets (4.0.2) lib/sprockets/cached_environment.rb:44:in `load'
sprockets (4.0.2) lib/sprockets/base.rb:81:in `find_asset'
sprockets (4.0.2) lib/sprockets/base.rb:88:in `find_all_linked_assets'
sprockets (4.0.2) lib/sprockets/manifest.rb:125:in `block (2 levels) in find'
concurrent-ruby (1.1.7) lib/concurrent-ruby/concurrent/executor/safe_task_executor.rb:24:in `block in execute'
concurrent-ruby (1.1.7) lib/concurrent-ruby/concurrent/synchronization/mutex_lockable_object.rb:41:in `block in synchronize'
concurrent-ruby (1.1.7) lib/concurrent-ruby/concurrent/synchronization/mutex_lockable_object.rb:41:in `synchronize'
concurrent-ruby (1.1.7) lib/concurrent-ruby/concurrent/synchronization/mutex_lockable_object.rb:41:in `synchronize'
concurrent-ruby (1.1.7) lib/concurrent-ruby/concurrent/executor/safe_task_executor.rb:19:in `execute'
concurrent-ruby (1.1.7) lib/concurrent-ruby/concurrent/promise.rb:563:in `block in realize'
concurrent-ruby (1.1.7) lib/concurrent-ruby/concurrent/executor/ruby_thread_pool_executor.rb:363:in `run_task'
concurrent-ruby (1.1.7) lib/concurrent-ruby/concurrent/executor/ruby_thread_pool_executor.rb:352:in `block (3 levels) in create_worker'
concurrent-ruby (1.1.7) lib/concurrent-ruby/concurrent/executor/ruby_thread_pool_executor.rb:335:in `loop'
concurrent-ruby (1.1.7) lib/concurrent-ruby/concurrent/executor/ruby_thread_pool_executor.rb:335:in `block (2 levels) in create_worker'
concurrent-ruby (1.1.7) lib/concurrent-ruby/concurrent/executor/ruby_thread_pool_executor.rb:334:in `catch'
concurrent-ruby (1.1.7) lib/concurrent-ruby/concurrent/executor/ruby_thread_pool_executor.rb:334:in `block in create_worker'
Started GET "/" for 126.163.118.70 at 2021-01-15 10:17:15 +0000
Cannot render console from 126.163.118.70! Allowed networks: 127.0.0.0/127.255.255.255, ::1
  [1m[35m (2.3ms)[0m  [1m[34mSELECT sqlite_version(*)[0m
  [1m[35m (0.2ms)[0m  [1m[34mSELECT "schema_migrations"."version" FROM "schema_migrations" ORDER BY "schema_migrations"."version" ASC[0m
Processing by Rails::WelcomeController#index as HTML
  Rendering /usr/local/rbenv/versions/2.7.0/lib/ruby/gems/2.7.0/gems/railties-6.0.3.4/lib/rails/templates/rails/welcome/index.html.erb
  Rendered /usr/local/rbenv/versions/2.7.0/lib/ruby/gems/2.7.0/gems/railties-6.0.3.4/lib/rails/templates/rails/welcome/index.html.erb (Duration: 14.4ms | Allocations: 407)
Completed 200 OK in 41ms (Views: 24.6ms | ActiveRecord: 0.0ms | Allocations: 2343)


Started GET "/users/sign_in" for 126.163.118.70 at 2021-01-15 10:17:26 +0000
Cannot render console from 126.163.118.70! Allowed networks: 127.0.0.0/127.255.255.255, ::1
Processing by Devise::SessionsController#new as HTML
  Rendering /usr/local/rbenv/versions/2.7.0/lib/ruby/gems/2.7.0/gems/devise-4.7.3/app/views/devise/sessions/new.html.erb within layouts/application
  Rendered /usr/local/rbenv/versions/2.7.0/lib/ruby/gems/2.7.0/gems/devise-4.7.3/app/views/devise/shared/_links.html.erb (Duration: 1.4ms | Allocations: 593)
  Rendered /usr/local/rbenv/versions/2.7.0/lib/ruby/gems/2.7.0/gems/devise-4.7.3/app/views/devise/sessions/new.html.erb within layouts/application (Duration: 42.1ms | Allocations: 7624)
Completed 500 Internal Server Error in 935ms (ActiveRecord: 1.0ms | Allocations: 101179)


  
LoadError (cannot load such file -- coffee_script):
  
bootsnap (1.5.1) lib/bootsnap/load_path_cache/core_ext/kernel_require.rb:23:in `require'
bootsnap (1.5.1) lib/bootsnap/load_path_cache/core_ext/kernel_require.rb:23:in `block in require_with_bootsnap_lfi'
bootsnap (1.5.1) lib/bootsnap/load_path_cache/loaded_features_index.rb:89:in `register'
bootsnap (1.5.1) lib/bootsnap/load_path_cache/core_ext/kernel_require.rb:22:in `require_with_bootsnap_lfi'
bootsnap (1.5.1) lib/bootsnap/load_path_cache/core_ext/kernel_require.rb:44:in `require'
zeitwerk (2.4.2) lib/zeitwerk/kernel.rb:34:in `require'
sprockets (4.0.2) lib/sprockets/autoload/coffee_script.rb:2:in `<main>'
bootsnap (1.5.1) lib/bootsnap/load_path_cache/core_ext/kernel_require.rb:23:in `require'
bootsnap (1.5.1) lib/bootsnap/load_path_cache/core_ext/kernel_require.rb:23:in `block in require_with_bootsnap_lfi'
bootsnap (1.5.1) lib/bootsnap/load_path_cache/loaded_features_index.rb:92:in `register'
bootsnap (1.5.1) lib/bootsnap/load_path_cache/core_ext/kernel_require.rb:22:in `require_with_bootsnap_lfi'
bootsnap (1.5.1) lib/bootsnap/load_path_cache/core_ext/kernel_require.rb:31:in `require'
zeitwerk (2.4.2) lib/zeitwerk/kernel.rb:34:in `require'
sprockets (4.0.2) lib/sprockets/coffee_script_processor.rb:17:in `cache_key'
sprockets (4.0.2) lib/sprockets/coffee_script_processor.rb:23:in `call'
sprockets (4.0.2) lib/sprockets/processor_utils.rb:84:in `call_processor'
sprockets (4.0.2) lib/sprockets/processor_utils.rb:66:in `block in call_processors'
sprockets (4.0.2) lib/sprockets/processor_utils.rb:65:in `reverse_each'
sprockets (4.0.2) lib/sprockets/processor_utils.rb:65:in `call_processors'
sprockets (4.0.2) lib/sprockets/processor_utils.rb:22:in `block in <class:CompositeProcessor>'
sprockets (4.0.2) lib/sprockets/processor_utils.rb:33:in `call'
sprockets (4.0.2) lib/sprockets/processor_utils.rb:84:in `call_processor'
sprockets (4.0.2) lib/sprockets/processor_utils.rb:66:in `block in call_processors'
sprockets (4.0.2) lib/sprockets/processor_utils.rb:65:in `reverse_each'
sprockets (4.0.2) lib/sprockets/processor_utils.rb:65:in `call_processors'
sprockets (4.0.2) lib/sprockets/loader.rb:182:in `load_from_unloaded'
sprockets (4.0.2) lib/sprockets/loader.rb:59:in `block in load'
sprockets (4.0.2) lib/sprockets/loader.rb:337:in `fetch_asset_from_dependency_cache'
sprockets (4.0.2) lib/sprockets/loader.rb:43:in `load'
sprockets (4.0.2) lib/sprockets/cached_environment.rb:44:in `load'
sprockets (4.0.2) lib/sprockets/bundle.rb:41:in `block in call'
sprockets (4.0.2) lib/sprockets/utils.rb:167:in `dfs'
sprockets (4.0.2) lib/sprockets/bundle.rb:42:in `call'
sprockets (4.0.2) lib/sprockets/processor_utils.rb:84:in `call_processor'
sprockets (4.0.2) lib/sprockets/processor_utils.rb:66:in `block in call_processors'
sprockets (4.0.2) lib/sprockets/processor_utils.rb:65:in `reverse_each'
sprockets (4.0.2) lib/sprockets/processor_utils.rb:65:in `call_processors'
sprockets (4.0.2) lib/sprockets/loader.rb:182:in `load_from_unloaded'
sprockets (4.0.2) lib/sprockets/loader.rb:59:in `block in load'
sprockets (4.0.2) lib/sprockets/loader.rb:337:in `fetch_asset_from_dependency_cache'
sprockets (4.0.2) lib/sprockets/loader.rb:43:in `load'
sprockets (4.0.2) lib/sprockets/cached_environment.rb:44:in `load'
sprockets (4.0.2) lib/sprockets/bundle.rb:32:in `block in call'
/usr/local/rbenv/versions/2.7.0/lib/ruby/2.7.0/set.rb:328:in `each_key'
/usr/local/rbenv/versions/2.7.0/lib/ruby/2.7.0/set.rb:328:in `each'
sprockets (4.0.2) lib/sprockets/bundle.rb:31:in `call'
sprockets (4.0.2) lib/sprockets/processor_utils.rb:84:in `call_processor'
sprockets (4.0.2) lib/sprockets/processor_utils.rb:66:in `block in call_processors'
sprockets (4.0.2) lib/sprockets/processor_utils.rb:65:in `reverse_each'
sprockets (4.0.2) lib/sprockets/processor_utils.rb:65:in `call_processors'
sprockets (4.0.2) lib/sprockets/loader.rb:182:in `load_from_unloaded'
sprockets (4.0.2) lib/sprockets/loader.rb:59:in `block in load'
sprockets (4.0.2) lib/sprockets/loader.rb:337:in `fetch_asset_from_dependency_cache'
sprockets (4.0.2) lib/sprockets/loader.rb:43:in `load'
sprockets (4.0.2) lib/sprockets/cached_environment.rb:44:in `load'
sprockets (4.0.2) lib/sprockets/base.rb:81:in `find_asset'
sprockets (4.0.2) lib/sprockets/base.rb:88:in `find_all_linked_assets'
sprockets (4.0.2) lib/sprockets/manifest.rb:125:in `block (2 levels) in find'
concurrent-ruby (1.1.7) lib/concurrent-ruby/concurrent/executor/safe_task_executor.rb:24:in `block in execute'
concurrent-ruby (1.1.7) lib/concurrent-ruby/concurrent/synchronization/mutex_lockable_object.rb:41:in `block in synchronize'
concurrent-ruby (1.1.7) lib/concurrent-ruby/concurrent/synchronization/mutex_lockable_object.rb:41:in `synchronize'
concurrent-ruby (1.1.7) lib/concurrent-ruby/concurrent/synchronization/mutex_lockable_object.rb:41:in `synchronize'
concurrent-ruby (1.1.7) lib/concurrent-ruby/concurrent/executor/safe_task_executor.rb:19:in `execute'
concurrent-ruby (1.1.7) lib/concurrent-ruby/concurrent/promise.rb:563:in `block in realize'
concurrent-ruby (1.1.7) lib/concurrent-ruby/concurrent/executor/ruby_thread_pool_executor.rb:363:in `run_task'
concurrent-ruby (1.1.7) lib/concurrent-ruby/concurrent/executor/ruby_thread_pool_executor.rb:352:in `block (3 levels) in create_worker'
concurrent-ruby (1.1.7) lib/concurrent-ruby/concurrent/executor/ruby_thread_pool_executor.rb:335:in `loop'
concurrent-ruby (1.1.7) lib/concurrent-ruby/concurrent/executor/ruby_thread_pool_executor.rb:335:in `block (2 levels) in create_worker'
concurrent-ruby (1.1.7) lib/concurrent-ruby/concurrent/executor/ruby_thread_pool_executor.rb:334:in `catch'
concurrent-ruby (1.1.7) lib/concurrent-ruby/concurrent/executor/ruby_thread_pool_executor.rb:334:in `block in create_worker'
DEPRECATION WARNING: Single arity template handlers are deprecated. Template handlers must
now accept two parameters, the view object and the source for the view object.
Change:
  >> Coffee::Rails::TemplateHandler.call(template)
To:
  >> Coffee::Rails::TemplateHandler.call(template, source)
 (called from <main> at /home/ubuntu/learn/config/environment.rb:5)
DEPRECATION WARNING: Single arity template handlers are deprecated. Template handlers must
now accept two parameters, the view object and the source for the view object.
Change:
  >> Coffee::Rails::TemplateHandler.call(template)
To:
  >> Coffee::Rails::TemplateHandler.call(template, source)
 (called from <main> at /home/ubuntu/learn/config/environment.rb:5)
Started GET "/" for 126.163.118.70 at 2021-01-15 10:34:50 +0000
Cannot render console from 126.163.118.70! Allowed networks: 127.0.0.0/127.255.255.255, ::1
  [1m[35m (4.1ms)[0m  [1m[34mSELECT sqlite_version(*)[0m
  [1m[35m (0.2ms)[0m  [1m[34mSELECT "schema_migrations"."version" FROM "schema_migrations" ORDER BY "schema_migrations"."version" ASC[0m
Processing by Rails::WelcomeController#index as HTML
  Rendering /usr/local/rbenv/versions/2.7.0/lib/ruby/gems/2.7.0/gems/railties-6.0.3.4/lib/rails/templates/rails/welcome/index.html.erb
  Rendered /usr/local/rbenv/versions/2.7.0/lib/ruby/gems/2.7.0/gems/railties-6.0.3.4/lib/rails/templates/rails/welcome/index.html.erb (Duration: 18.2ms | Allocations: 407)
Completed 200 OK in 54ms (Views: 37.4ms | ActiveRecord: 0.0ms | Allocations: 2344)


Started GET "/users/sign_in" for 126.163.118.70 at 2021-01-15 10:35:02 +0000
Cannot render console from 126.163.118.70! Allowed networks: 127.0.0.0/127.255.255.255, ::1
Processing by Devise::SessionsController#new as HTML
  Rendering /usr/local/rbenv/versions/2.7.0/lib/ruby/gems/2.7.0/gems/devise-4.7.3/app/views/devise/sessions/new.html.erb within layouts/application
  Rendered /usr/local/rbenv/versions/2.7.0/lib/ruby/gems/2.7.0/gems/devise-4.7.3/app/views/devise/shared/_links.html.erb (Duration: 1.7ms | Allocations: 593)
  Rendered /usr/local/rbenv/versions/2.7.0/lib/ruby/gems/2.7.0/gems/devise-4.7.3/app/views/devise/sessions/new.html.erb within layouts/application (Duration: 96.3ms | Allocations: 7619)
[Webpacker] Compiling...
[Webpacker] Compiled all packs in /home/ubuntu/learn/public/packs
[Webpacker] Hash: 76145d9ce4575ebaa29b
Version: webpack 4.46.0
Time: 4893ms
Built at: 01/15/2021 10:35:12 AM
                                     Asset       Size       Chunks                         Chunk Names
    js/application-c229f7c7014cf8c8d494.js    124 KiB  application  [emitted] [immutable]  application
js/application-c229f7c7014cf8c8d494.js.map    139 KiB  application  [emitted] [dev]        application
                             manifest.json  364 bytes               [emitted]              
Entrypoint application = js/application-c229f7c7014cf8c8d494.js js/application-c229f7c7014cf8c8d494.js.map
[./app/javascript/channels sync recursive _channel\.js$] ./app/javascript/channels sync _channel\.js$ 160 bytes {application} [built]
[./app/javascript/channels/index.js] 211 bytes {application} [built]
[./app/javascript/packs/application.js] 749 bytes {application} [built]
[./node_modules/webpack/buildin/module.js] (webpack)/buildin/module.js 552 bytes {application} [built]
    + 3 hidden modules

Completed 200 OK in 10542ms (Views: 10508.3ms | ActiveRecord: 0.8ms | Allocations: 142035)


Started GET "/" for 126.163.118.70 at 2021-01-15 10:35:27 +0000
Cannot render console from 126.163.118.70! Allowed networks: 127.0.0.0/127.255.255.255, ::1
Processing by Rails::WelcomeController#index as HTML
  Rendering /usr/local/rbenv/versions/2.7.0/lib/ruby/gems/2.7.0/gems/railties-6.0.3.4/lib/rails/templates/rails/welcome/index.html.erb
  Rendered /usr/local/rbenv/versions/2.7.0/lib/ruby/gems/2.7.0/gems/railties-6.0.3.4/lib/rails/templates/rails/welcome/index.html.erb (Duration: 14.2ms | Allocations: 184)
Completed 200 OK in 18ms (Views: 17.0ms | ActiveRecord: 0.0ms | Allocations: 877)


